Run cmake --build build
  cmake --build build
  shell: /usr/bin/bash -e {0}
[  5%] Building C object CMakeFiles/unity_framework.dir/unity/src/unity.c.o
[ 10%] Linking C static library libunity_framework.a
[ 10%] Built target unity_framework
[ 15%] Building C object CMakeFiles/test_utils.dir/test_utils.c.o
[ 21%] Building C object CMakeFiles/test_utils.dir/home/runner/work/STM32-Platform/STM32-Platform/Src/utils.c.o
/home/runner/work/STM32-Platform/STM32-Platform/Src/utils.c: In function ‘Queue_EnterCritical’:
/home/runner/work/STM32-Platform/STM32-Platform/Src/utils.c:16:24: warning: implicit declaration of function ‘__get_PRIMASK’ [-Wimplicit-function-declaration]
   16 |     uint32_t primask = __get_PRIMASK();
      |                        ^~~~~~~~~~~~~
/home/runner/work/STM32-Platform/STM32-Platform/Src/utils.c:17:5: warning: implicit declaration of function ‘__disable_irq’ [-Wimplicit-function-declaration]
   17 |     __disable_irq();
      |     ^~~~~~~~~~~~~
/home/runner/work/STM32-Platform/STM32-Platform/Src/utils.c: In function ‘Queue_ExitCritical’:
/home/runner/work/STM32-Platform/STM32-Platform/Src/utils.c:25:5: warning: implicit declaration of function ‘__set_PRIMASK’ [-Wimplicit-function-declaration]
   25 |     __set_PRIMASK(primask);
      |     ^~~~~~~~~~~~~
[ 26%] Building C object CMakeFiles/test_utils.dir/mocks/stm32_hal_mocks.c.o
[ 31%] Linking C executable test_utils
/usr/bin/ld: CMakeFiles/test_utils.dir/home/runner/work/STM32-Platform/STM32-Platform/Src/utils.c.o: in function `Queue_EnterCritical':
/home/runner/work/STM32-Platform/STM32-Platform/Src/utils.c:16:(.text+0xe): undefined reference to `__get_PRIMASK'
/usr/bin/ld: /home/runner/work/STM32-Platform/STM32-Platform/Src/utils.c:17:(.text+0x1b): undefined reference to `__disable_irq'
/usr/bin/ld: CMakeFiles/test_utils.dir/home/runner/work/STM32-Platform/STM32-Platform/Src/utils.c.o: in function `Queue_ExitCritical':
/home/runner/work/STM32-Platform/STM32-Platform/Src/utils.c:25:(.text+0x3a): undefined reference to `__set_PRIMASK'
collect2: error: ld returned 1 exit status
gmake[2]: *** [CMakeFiles/test_utils.dir/build.make:134: test_utils] Error 1
gmake[1]: *** [CMakeFiles/Makefile2:150: CMakeFiles/test_utils.dir/all] Error 2
gmake: *** [Makefile:146: all] Error 2
Error: Process completed with exit code 2.