Start testing: Nov 14 21:33 Jerusalem Standard Time
----------------------------------------------------------
1/3 Testing: test_utils
1/3 Test: test_utils
Command: "C:/Users/ramga/Desktop/bgu/BGR/STM32 Platform/tests/build/test_utils.exe"
Directory: C:/Users/ramga/Desktop/bgu/BGR/STM32 Platform/tests/build
"test_utils" start time: Nov 14 21:33 Jerusalem Standard Time
Output:
----------------------------------------------------------
C:/Users/ramga/Desktop/bgu/BGR/STM32 Platform/tests/test_utils.c:261:test_QueueInit_ValidParams_InitializesCorrectly:PASS
C:/Users/ramga/Desktop/bgu/BGR/STM32 Platform/tests/test_utils.c:262:test_QueueInit_CreatesCorrectCapacity:PASS
C:/Users/ramga/Desktop/bgu/BGR/STM32 Platform/tests/test_utils.c:265:test_QueuePush_SingleItem_ReturnsPointer:PASS
C:/Users/ramga/Desktop/bgu/BGR/STM32 Platform/tests/test_utils.c:266:test_QueuePush_MultipleItems_WrapsAround:PASS
C:/Users/ramga/Desktop/bgu/BGR/STM32 Platform/tests/test_utils.c:267:test_QueuePush_WhenFull_SetsFullStatus:PASS
C:/Users/ramga/Desktop/bgu/BGR/STM32 Platform/tests/test_utils.c:268:test_QueuePush_NullQueue_ReturnsNull:PASS
C:/Users/ramga/Desktop/bgu/BGR/STM32 Platform/tests/test_utils.c:271:test_QueuePop_SingleItem_RetrievesCorrectly:PASS
C:/Users/ramga/Desktop/bgu/BGR/STM32 Platform/tests/test_utils.c:272:test_QueuePop_FIFO_Order_Maintained:PASS
C:/Users/ramga/Desktop/bgu/BGR/STM32 Platform/tests/test_utils.c:273:test_QueuePop_EmptyQueue_DoesNotCrash:PASS
C:/Users/ramga/Desktop/bgu/BGR/STM32 Platform/tests/test_utils.c:274:test_QueuePop_NullData_DoesNotCrash:PASS
C:/Users/ramga/Desktop/bgu/BGR/STM32 Platform/tests/test_utils.c:277:test_QueuePeek_ReturnsHeadWithoutRemoving:PASS
C:/Users/ramga/Desktop/bgu/BGR/STM32 Platform/tests/test_utils.c:278:test_QueuePeek_EmptyQueue_ReturnsNull:PASS
C:/Users/ramga/Desktop/bgu/BGR/STM32 Platform/tests/test_utils.c:281:test_QueueFree_ValidQueue_FreesMemory:PASS
C:/Users/ramga/Desktop/bgu/BGR/STM32 Platform/tests/test_utils.c:284:test_QueueIntegration_PushPopCycle_WorksCorrectly:PASS

-----------------------
14 Tests 0 Failures 0 Ignored 
OK
<end of output>
Test time =   0.01 sec
----------------------------------------------------------
Test Passed.
"test_utils" end time: Nov 14 21:33 Jerusalem Standard Time
"test_utils" time elapsed: 00:00:00
----------------------------------------------------------

2/3 Testing: test_database
2/3 Test: test_database
Command: "C:/Users/ramga/Desktop/bgu/BGR/STM32 Platform/tests/build/test_database.exe"
Directory: C:/Users/ramga/Desktop/bgu/BGR/STM32 Platform/tests/build
"test_database" start time: Nov 14 21:33 Jerusalem Standard Time
Output:
----------------------------------------------------------
C:/Users/ramga/Desktop/bgu/BGR/STM32 Platform/tests/test_database.c:158:test_dbAllocateMemory_Success_ReturnsValidPointer:PASS
C:/Users/ramga/Desktop/bgu/BGR/STM32 Platform/tests/test_database.c:159:test_dbAllocateMemory_AllocatesAllNodes:PASS
C:/Users/ramga/Desktop/bgu/BGR/STM32 Platform/tests/test_database.c:160:test_dbAllocateMemory_InitializesToZero:PASS
C:/Users/ramga/Desktop/bgu/BGR/STM32 Platform/tests/test_database.c:163:test_dbFreeMemory_ValidDatabase_FreesAllNodes:PASS
C:/Users/ramga/Desktop/bgu/BGR/STM32 Platform/tests/test_database.c:166:test_dbInit_ReturnsInitializedDatabase:PASS
C:/Users/ramga/Desktop/bgu/BGR/STM32 Platform/tests/test_database.c:167:test_dbGetDBPointer_AfterInit_ReturnsSamePointer:PASS
C:/Users/ramga/Desktop/bgu/BGR/STM32 Platform/tests/test_database.c:170:test_Database_PedalNode_CanStoreAndRetrieveData:PASS
C:/Users/ramga/Desktop/bgu/BGR/STM32 Platform/tests/test_database.c:171:test_Database_VCUNode_CanStoreInverterData:PASS
C:/Users/ramga/Desktop/bgu/BGR/STM32 Platform/tests/test_database.c:172:test_Database_VCUNode_MultipleInverters:PASS
C:/Users/ramga/Desktop/bgu/BGR/STM32 Platform/tests/test_database.c:173:test_Database_VCUNode_ErrorGroup:PASS
C:/Users/ramga/Desktop/bgu/BGR/STM32 Platform/tests/test_database.c:174:test_Database_VCUNode_KeepAliveArray:PASS
C:/Users/ramga/Desktop/bgu/BGR/STM32 Platform/tests/test_database.c:175:test_Database_SubNode_CanStoreData:PASS
C:/Users/ramga/Desktop/bgu/BGR/STM32 Platform/tests/test_database.c:176:test_Database_DashboardNode_CanStoreData:PASS

-----------------------
13 Tests 0 Failures 0 Ignored 
OK
<end of output>
Test time =   0.01 sec
----------------------------------------------------------
Test Passed.
"test_database" end time: Nov 14 21:33 Jerusalem Standard Time
"test_database" time elapsed: 00:00:00
----------------------------------------------------------

3/3 Testing: test_hashtable
3/3 Test: test_hashtable
Command: "C:/Users/ramga/Desktop/bgu/BGR/STM32 Platform/tests/build/test_hashtable.exe"
Directory: C:/Users/ramga/Desktop/bgu/BGR/STM32 Platform/tests/build
"test_hashtable" start time: Nov 14 21:33 Jerusalem Standard Time
Output:
----------------------------------------------------------
C:/Users/ramga/Desktop/bgu/BGR/STM32 Platform/tests/test_hashtable.c:241:test_hashMapFunction_DifferentIDs_ProduceDifferentHashes:PASS
C:/Users/ramga/Desktop/bgu/BGR/STM32 Platform/tests/test_hashtable.c:242:test_hashMapFunction_SameID_ProducesSameHash:PASS
C:/Users/ramga/Desktop/bgu/BGR/STM32 Platform/tests/test_hashtable.c:243:test_hashMapFunction_ResultWithinTableSize:PASS
C:/Users/ramga/Desktop/bgu/BGR/STM32 Platform/tests/test_hashtable.c:246:test_hashInsertMember_NewMember_ReturnsOK:PASS
C:/Users/ramga/Desktop/bgu/BGR/STM32 Platform/tests/test_hashtable.c:247:test_hashInsertMember_DuplicateID_ReturnsError:PASS
C:/Users/ramga/Desktop/bgu/BGR/STM32 Platform/tests/test_hashtable.c:248:test_hashInsertMember_MultipleMembers_AllInserted:PASS
C:/Users/ramga/Desktop/bgu/BGR/STM32 Platform/tests/test_hashtable.c:251:test_hashLookup_ExistingID_ReturnsFunction:PASS
C:/Users/ramga/Desktop/bgu/BGR/STM32 Platform/tests/test_hashtable.c:252:test_hashLookup_NonExistentID_ReturnsNull:PASS
C:/Users/ramga/Desktop/bgu/BGR/STM32 Platform/tests/test_hashtable.c:253:test_hashLookup_AfterDelete_ReturnsNull:PASS
C:/Users/ramga/Desktop/bgu/BGR/STM32 Platform/tests/test_hashtable.c:254:test_hashLookup_MultipleMembers_FindsCorrectOne:PASS
C:/Users/ramga/Desktop/bgu/BGR/STM32 Platform/tests/test_hashtable.c:257:test_hashDeleteMember_ExistingMember_Removes:PASS
C:/Users/ramga/Desktop/bgu/BGR/STM32 Platform/tests/test_hashtable.c:258:test_hashDeleteMember_NonExistentMember_DoesNotCrash:PASS
C:/Users/ramga/Desktop/bgu/BGR/STM32 Platform/tests/test_hashtable.c:259:test_hashDeleteMember_ThenReinsert_Works:PASS
C:/Users/ramga/Desktop/bgu/BGR/STM32 Platform/tests/test_hashtable.c:262:test_HashTable_LookupAndCall_ExecutesCorrectFunction:PASS
C:/Users/ramga/Desktop/bgu/BGR/STM32 Platform/tests/test_hashtable.c:263:test_HashTable_CollisionHandling_LinearProbing:PASS
C:/Users/ramga/Desktop/bgu/BGR/STM32 Platform/tests/test_hashtable.c:264:test_HashTable_FullTable_ReturnsHashFull:PASS

-----------------------
16 Tests 0 Failures 0 Ignored 
OK
<end of output>
Test time =   0.02 sec
----------------------------------------------------------
Test Passed.
"test_hashtable" end time: Nov 14 21:33 Jerusalem Standard Time
"test_hashtable" time elapsed: 00:00:00
----------------------------------------------------------

End testing: Nov 14 21:33 Jerusalem Standard Time
